<?xml version="1.0" encoding="UTF-8"?>
<!-- Generated by org.testng.reporters.JUnitReportReporter -->
<testsuite hostname="DESKTOP-LLFDLM5" failures="0" tests="4" name="api.test.UserTests" time="17.722" errors="0" timestamp="2023-12-17T14:37:35 IST" skipped="0">
  <testcase classname="api.test.UserTests" name="testpostuser" time="12.619"/>
  <testcase classname="api.test.UserTests" name="testgetUserByName" time="1.264"/>
  <testcase classname="api.test.UserTests" name="testupdateuserByName" time="2.505"/>
  <testcase classname="api.test.UserTests" name="testdeleteUserByName" time="1.334"/>
</testsuite> <!-- api.test.UserTests -->
