<?xml version="1.0" encoding="UTF-8"?>
<!-- Generated by org.testng.reporters.JUnitReportReporter -->
<testsuite hostname="DESKTOP-LLFDLM5" failures="0" tests="8" name="api.test.DataDrivenTests" time="14.183" errors="0" timestamp="2023-12-17T13:42:16 IST" skipped="0">
  <testcase classname="api.test.DataDrivenTests" name="testpostuser" time="1.421"/>
  <testcase classname="api.test.DataDrivenTests" name="testpostuser" time="4.564"/>
  <testcase classname="api.test.DataDrivenTests" name="testpostuser" time="1.323"/>
  <testcase classname="api.test.DataDrivenTests" name="testpostuser" time="1.330"/>
  <testcase classname="api.test.DataDrivenTests" name="testdeleteUserByName" time="1.324"/>
  <testcase classname="api.test.DataDrivenTests" name="testdeleteUserByName" time="1.365"/>
  <testcase classname="api.test.DataDrivenTests" name="testdeleteUserByName" time="1.428"/>
  <testcase classname="api.test.DataDrivenTests" name="testdeleteUserByName" time="1.428"/>
</testsuite> <!-- api.test.DataDrivenTests -->
