<?xml version="1.0" encoding="UTF-8"?>
<!-- Generated by org.testng.reporters.JUnitReportReporter -->
<testsuite hostname="DESKTOP-LLFDLM5" failures="0" tests="4" name="api.test.UserTests2" time="9.812" errors="0" timestamp="2023-12-17T16:21:44 IST" skipped="0">
  <testcase classname="api.test.UserTests2" name="testpostuser" time="4.410"/>
  <testcase classname="api.test.UserTests2" name="testgetUserByName" time="1.313"/>
  <testcase classname="api.test.UserTests2" name="testupdateuserByName" time="2.715"/>
  <testcase classname="api.test.UserTests2" name="testdeleteUserByName" time="1.374"/>
</testsuite> <!-- api.test.UserTests2 -->
