<?xml version="1.0" encoding="UTF-8"?>
<!-- Generated by org.testng.reporters.JUnitReportReporter -->
<testsuite hostname="DESKTOP-LLFDLM5" failures="0" tests="8" name="api.test.DataDrivenTests" time="14.129" errors="0" timestamp="2023-12-17T17:30:28 IST" skipped="0">
  <testcase classname="api.test.DataDrivenTests" name="testpostuser" time="1.308"/>
  <testcase classname="api.test.DataDrivenTests" name="testpostuser" time="4.616"/>
  <testcase classname="api.test.DataDrivenTests" name="testpostuser" time="1.383"/>
  <testcase classname="api.test.DataDrivenTests" name="testpostuser" time="1.356"/>
  <testcase classname="api.test.DataDrivenTests" name="testdeleteUserByName" time="1.376"/>
  <testcase classname="api.test.DataDrivenTests" name="testdeleteUserByName" time="1.333"/>
  <testcase classname="api.test.DataDrivenTests" name="testdeleteUserByName" time="1.398"/>
  <testcase classname="api.test.DataDrivenTests" name="testdeleteUserByName" time="1.359"/>
</testsuite> <!-- api.test.DataDrivenTests -->
