<?xml version="1.0" encoding="UTF-8"?>
<!-- Generated by org.testng.reporters.JUnitReportReporter -->
<testsuite hostname="DESKTOP-LLFDLM5" failures="0" tests="4" name="api.test.UserTests" time="6.707" errors="0" timestamp="2023-12-17T17:30:28 IST" skipped="0">
  <testcase classname="api.test.UserTests" name="testpostuser" time="1.354"/>
  <testcase classname="api.test.UserTests" name="testgetUserByName" time="1.307"/>
  <testcase classname="api.test.UserTests" name="testupdateuserByName" time="2.642"/>
  <testcase classname="api.test.UserTests" name="testdeleteUserByName" time="1.404"/>
</testsuite> <!-- api.test.UserTests -->
